2023-03-17 18:57:25 [INFO] > Questioner Server: v0.0.3
2023-03-17 18:57:25 [INFO] > 创建服务端套接字
2023-03-17 18:57:25 [INFO] > 绑定端口: 32768
2023-03-17 18:57:25 [INFO] > 设置服务端监听最大数量: 128
2023-03-17 18:57:25 [INFO] > 加载用户数据
2023-03-17 18:57:25 [INFO] > 启动服务端计时功能
2023-03-17 18:57:25 [INFO] > 启动客户端监听功能
2023-03-17 18:57:25 [INFO] > 启动服务端命令功能
2023-03-17 18:58:27 [INFO] > Questioner Server: v0.0.3
2023-03-17 18:58:27 [INFO] > 创建服务端套接字
2023-03-17 18:58:28 [INFO] > 绑定端口: 32768
2023-03-17 18:58:28 [INFO] > 设置服务端监听最大数量: 128
2023-03-17 18:58:28 [INFO] > 加载用户数据
2023-03-17 18:58:28 [INFO] > 启动服务端计时功能
2023-03-17 18:58:28 [INFO] > 启动客户端监听功能
2023-03-17 18:58:28 [INFO] > 启动服务端命令功能
2023-03-17 18:59:33 [INFO] > Questioner Server: v0.0.3
2023-03-17 18:59:33 [INFO] > 创建服务端套接字
2023-03-17 18:59:33 [INFO] > 绑定端口: 32768
2023-03-17 18:59:33 [INFO] > 设置服务端监听最大数量: 128
2023-03-17 18:59:33 [INFO] > 加载用户数据
2023-03-17 18:59:33 [INFO] > 启动服务端计时功能
2023-03-17 18:59:33 [INFO] > 启动客户端监听功能
2023-03-17 18:59:33 [INFO] > 启动服务端命令功能
2023-03-17 19:00:56 [INFO] > Questioner Server: v0.0.3
2023-03-17 19:00:56 [INFO] > 创建服务端套接字
2023-03-17 19:00:56 [INFO] > 绑定端口: 32768
2023-03-17 19:00:56 [INFO] > 设置服务端监听最大数量: 128
2023-03-17 19:00:56 [INFO] > 加载用户数据
2023-03-17 19:00:56 [INFO] > 启动服务端计时功能
2023-03-17 19:00:56 [INFO] > 启动客户端监听功能
2023-03-17 19:00:56 [INFO] > 启动服务端命令功能
2023-03-17 19:18:39 [INFO] > Questioner Server: v0.0.3
2023-03-17 19:18:39 [INFO] > 创建服务端套接字
2023-03-17 19:18:39 [INFO] > 绑定端口: 32768
2023-03-17 19:18:39 [INFO] > 设置服务端监听最大数量: 128
2023-03-17 19:18:39 [INFO] > 加载用户数据
2023-03-17 19:18:39 [INFO] > 启动服务端计时功能
2023-03-17 19:18:39 [INFO] > 启动客户端监听功能
2023-03-17 19:18:39 [INFO] > 启动服务端命令功能
2023-03-17 19:18:48 [INFO] > CONNECT: 10.129.44.157
2023-03-17 19:18:48 [WARN] > invalid syntax (<string>, line 0)
2023-03-17 19:18:48 [INFO] > LOST: 10.129.44.157
2023-03-17 19:20:00 [INFO] > CONNECT: 10.129.44.157
2023-03-17 19:20:59 [INFO] > 发送验证码到 392126563@qq.com
2023-03-17 19:21:51 [INFO] > 392126563@qq.com 注册成功，id: 1
2023-03-17 19:24:28 [WARN] > [WinError 10054] 远程主机强迫关闭了一个现有的连接。
2023-03-17 19:24:28 [INFO] > LOST: 10.129.44.157
2023-03-17 20:59:29 [INFO] > Questioner Server: v0.0.3
2023-03-17 20:59:29 [INFO] > 创建服务端套接字
2023-03-17 20:59:29 [INFO] > 绑定端口: 32768
2023-03-17 20:59:29 [INFO] > 设置服务端监听最大数量: 128
2023-03-17 20:59:29 [INFO] > 加载用户数据
2023-03-17 20:59:29 [INFO] > 启动服务端计时功能
2023-03-17 20:59:29 [INFO] > 启动客户端监听功能
2023-03-17 20:59:29 [INFO] > 启动服务端命令功能
2023-03-17 20:59:51 [INFO] > CONNECT: 10.129.44.157
2023-03-17 21:01:23 [WARN] > [WinError 10054] 远程主机强迫关闭了一个现有的连接。
2023-03-17 21:01:23 [INFO] > LOST: 10.129.44.157
2023-03-17 21:13:45 [INFO] > 创建服务端套接字
2023-03-17 21:13:45 [INFO] > 绑定端口: 32768
2023-03-17 21:13:45 [INFO] > 设置服务端监听最大数量: 128
2023-03-17 21:13:45 [INFO] > 加载用户数据
2023-03-17 21:13:45 [INFO] > 启动服务端计时功能
2023-03-17 21:13:45 [INFO] > 启动客户端监听功能
2023-03-17 21:13:45 [INFO] > 启动服务端命令功能
2023-03-17 21:13:57 [INFO] > 创建服务端套接字
2023-03-17 21:13:57 [INFO] > 绑定端口: 32768
2023-03-17 21:13:57 [INFO] > 设置服务端监听最大数量: 128
2023-03-17 21:13:57 [INFO] > 加载用户数据
2023-03-17 21:13:57 [INFO] > 启动服务端计时功能
2023-03-17 21:13:57 [INFO] > 启动客户端监听功能
2023-03-17 21:13:57 [INFO] > 启动服务端命令功能
2023-03-17 21:14:04 [INFO] > 创建服务端套接字
2023-03-17 21:14:04 [INFO] > 绑定端口: 32768
2023-03-17 21:14:04 [INFO] > 设置服务端监听最大数量: 128
2023-03-17 21:14:04 [INFO] > 加载用户数据
2023-03-17 21:14:04 [INFO] > 启动服务端计时功能
2023-03-17 21:14:04 [INFO] > 启动客户端监听功能
2023-03-17 21:14:04 [INFO] > 启动服务端命令功能
2023-03-17 21:14:43 [INFO] > 创建服务端套接字
2023-03-17 21:14:43 [INFO] > 绑定端口: 32768
2023-03-17 21:14:43 [INFO] > 设置服务端监听最大数量: 128
2023-03-17 21:14:43 [INFO] > 加载用户数据
2023-03-17 21:14:43 [INFO] > 启动服务端计时功能
2023-03-17 21:14:43 [INFO] > 启动客户端监听功能
2023-03-17 21:14:43 [INFO] > 启动服务端命令功能
2023-03-17 21:15:15 [INFO] > 创建服务端套接字
2023-03-17 21:15:15 [INFO] > 绑定端口: 32768
2023-03-17 21:15:15 [INFO] > 设置服务端监听最大数量: 128
2023-03-17 21:15:15 [INFO] > 加载用户数据
2023-03-17 21:15:15 [INFO] > 启动服务端计时功能
2023-03-17 21:15:15 [INFO] > 启动客户端监听功能
2023-03-17 21:15:15 [INFO] > 启动服务端命令功能
2023-03-17 21:15:41 [INFO] > 创建服务端套接字
2023-03-17 21:15:41 [INFO] > 绑定端口: 32768
2023-03-17 21:15:41 [INFO] > 设置服务端监听最大数量: 128
2023-03-17 21:15:41 [INFO] > 加载用户数据
2023-03-17 21:15:41 [INFO] > 启动服务端计时功能
2023-03-17 21:15:41 [INFO] > 启动客户端监听功能
2023-03-17 21:15:41 [INFO] > 启动服务端命令功能
2023-03-17 21:15:46 [INFO] > CONNECT: 10.129.44.157
2023-03-17 21:16:12 [WARN] > [WinError 10054] 远程主机强迫关闭了一个现有的连接。
2023-03-17 21:16:12 [INFO] > LOST: 10.129.44.157
2023-03-17 21:21:32 [INFO] > 创建服务端套接字
2023-03-17 21:21:32 [INFO] > 绑定端口: 32768
2023-03-17 21:21:32 [INFO] > 设置服务端监听最大数量: 128
2023-03-17 21:21:32 [INFO] > 加载用户数据
2023-03-17 21:21:32 [INFO] > 启动服务端计时功能
2023-03-17 21:21:32 [INFO] > 启动客户端监听功能
2023-03-17 21:21:32 [INFO] > 启动服务端命令功能
2023-03-17 21:21:38 [INFO] > CONNECT: 10.129.44.157
2023-03-17 21:22:07 [INFO] > 392126563@qq.com Login
2023-03-17 21:22:17 [INFO] > 392126563@qq.com Login
2023-03-17 21:22:27 [WARN] > [WinError 10054] 远程主机强迫关闭了一个现有的连接。
2023-03-17 21:22:27 [INFO] > LOST: 10.129.44.157
2023-03-17 21:27:06 [INFO] > 创建服务端套接字
2023-03-17 21:27:06 [INFO] > 绑定端口: 32768
2023-03-17 21:27:06 [INFO] > 设置服务端监听最大数量: 128
2023-03-17 21:27:06 [INFO] > 加载用户数据
2023-03-17 21:27:06 [INFO] > 启动服务端计时功能
2023-03-17 21:27:06 [INFO] > 启动客户端监听功能
2023-03-17 21:27:06 [INFO] > 启动服务端命令功能
2023-03-17 21:27:09 [INFO] > CONNECT: 10.129.44.157
2023-03-17 21:27:40 [INFO] > 392126563@qq.com Login
2023-03-17 21:28:37 [WARN] > [WinError 10054] 远程主机强迫关闭了一个现有的连接。
2023-03-17 21:28:37 [INFO] > LOST: 10.129.44.157
2023-03-17 21:30:42 [INFO] > 创建服务端套接字
2023-03-17 21:30:42 [INFO] > 绑定端口: 32768
2023-03-17 21:30:42 [INFO] > 设置服务端监听最大数量: 128
2023-03-17 21:30:42 [INFO] > 加载用户数据
2023-03-17 21:30:42 [INFO] > 启动服务端计时功能
2023-03-17 21:30:42 [INFO] > 启动客户端监听功能
2023-03-17 21:30:42 [INFO] > 启动服务端命令功能
2023-03-17 21:30:58 [INFO] > CONNECT: 10.129.44.157
2023-03-17 21:31:30 [INFO] > 发送验证码到 392126563@qq.com
2023-03-17 21:32:46 [WARN] > [WinError 10054] 远程主机强迫关闭了一个现有的连接。
2023-03-17 21:32:46 [INFO] > LOST: 10.129.44.157
